# JRE version: Java(TM) SE Runtime Environment (8.0_05-b13) (build 1.8.0_05-b13)
# Java VM: Java HotSpot(TM) 64-Bit Server VM (25.5-b02 mixed mode linux-amd64 compressed oops)
Heap:
 PSYoungGen      total 99840K, used 19629K [0x00000000f5580000, 0x00000000fb800000, 0x0000000100000000)
  eden space 99328K, 19% used [0x00000000f5580000,0x00000000f68ab740,0x00000000fb680000)
  from space 512K, 0% used [0x00000000fb700000,0x00000000fb700000,0x00000000fb780000)
  to   space 512K, 0% used [0x00000000fb780000,0x00000000fb780000,0x00000000fb800000)
 ParOldGen       total 72704K, used 52735K [0x00000000e0000000, 0x00000000e4700000, 0x00000000f5580000)
  object space 72704K, 72% used [0x00000000e0000000,0x00000000e337fc00,0x00000000e4700000)
 Metaspace       used 96519K, capacity 103954K, committed 104308K, reserved 1140736K
  class space    used 11566K, capacity 13850K, committed 13940K, reserved 1048576K
GC Heap History (10 events):
Event: 98980.677 GC heap before
{Heap before GC invocations=2792 (full 1357):
 PSYoungGen      total 99840K, used 32K [0x00000000f5580000, 0x00000000fb800000, 0x0000000100000000)
  eden space 99328K, 0% used [0x00000000f5580000,0x00000000f5580000,0x00000000fb680000)
  from space 512K, 6% used [0x00000000fb700000,0x00000000fb708000,0x00000000fb780000)
  to   space 512K, 0% used [0x00000000fb780000,0x00000000fb780000,0x00000000fb800000)
 ParOldGen       total 72704K, used 52611K [0x00000000e0000000, 0x00000000e4700000, 0x00000000f5580000)
  object space 72704K, 72% used [0x00000000e0000000,0x00000000e3360fa0,0x00000000e4700000)
 Metaspace       used 96413K, capacity 103784K, committed 104052K, reserved 1138688K
  class space    used 11550K, capacity 13817K, committed 13940K, reserved 1048576K
Event: 98980.925 GC heap after
Heap after GC invocations=2792 (full 1357):
 PSYoungGen      total 99840K, used 0K [0x00000000f5580000, 0x00000000fb800000, 0x0000000100000000)
  eden space 99328K, 0% used [0x00000000f5580000,0x00000000f5580000,0x00000000fb680000)
  from space 512K, 0% used [0x00000000fb700000,0x00000000fb700000,0x00000000fb780000)
  to   space 512K, 0% used [0x00000000fb780000,0x00000000fb780000,0x00000000fb800000)
 ParOldGen       total 72704K, used 52611K [0x00000000e0000000, 0x00000000e4700000, 0x00000000f5580000)
  object space 72704K, 72% used [0x00000000e0000000,0x00000000e3360fa0,0x00000000e4700000)
 Metaspace       used 96413K, capacity 103784K, committed 104052K, reserved 1138688K
  class space    used 11550K, capacity 13817K, committed 13940K, reserved 1048576K
}
Event: 99040.672 GC heap before
{Heap before GC invocations=2793 (full 1357):
 PSYoungGen      total 99840K, used 1308K [0x00000000f5580000, 0x00000000fb800000, 0x0000000100000000)
  eden space 99328K, 1% used [0x00000000f5580000,0x00000000f56c72c8,0x00000000fb680000)
  from space 512K, 0% used [0x00000000fb700000,0x00000000fb700000,0x00000000fb780000)
  to   space 512K, 0% used [0x00000000fb780000,0x00000000fb780000,0x00000000fb800000)
 ParOldGen       total 72704K, used 52611K [0x00000000e0000000, 0x00000000e4700000, 0x00000000f5580000)
  object space 72704K, 72% used [0x00000000e0000000,0x00000000e3360fa0,0x00000000e4700000)
 Metaspace       used 96413K, capacity 103784K, committed 104052K, reserved 1138688K
  class space    used 11550K, capacity 13817K, committed 13940K, reserved 1048576K
Event: 99040.675 GC heap after
Heap after GC invocations=2793 (full 1357):
 PSYoungGen      total 99840K, used 32K [0x00000000f5580000, 0x00000000fb800000, 0x0000000100000000)
  eden space 99328K, 0% used [0x00000000f5580000,0x00000000f5580000,0x00000000fb680000)
  from space 512K, 6% used [0x00000000fb780000,0x00000000fb788000,0x00000000fb800000)
  to   space 512K, 0% used [0x00000000fb700000,0x00000000fb700000,0x00000000fb780000)
 ParOldGen       total 72704K, used 52611K [0x00000000e0000000, 0x00000000e4700000, 0x00000000f5580000)
  object space 72704K, 72% used [0x00000000e0000000,0x00000000e3360fa0,0x00000000e4700000)
 Metaspace       used 96413K, capacity 103784K, committed 104052K, reserved 1138688K
  class space    used 11550K, capacity 13817K, committed 13940K, reserved 1048576K
}
Event: 99040.675 GC heap before
{Heap before GC invocations=2794 (full 1358):
 PSYoungGen      total 99840K, used 32K [0x00000000f5580000, 0x00000000fb800000, 0x0000000100000000)
  eden space 99328K, 0% used [0x00000000f5580000,0x00000000f5580000,0x00000000fb680000)
  from space 512K, 6% used [0x00000000fb780000,0x00000000fb788000,0x00000000fb800000)
  to   space 512K, 0% used [0x00000000fb700000,0x00000000fb700000,0x00000000fb780000)
 ParOldGen       total 72704K, used 52611K [0x00000000e0000000, 0x00000000e4700000, 0x00000000f5580000)
  object space 72704K, 72% used [0x00000000e0000000,0x00000000e3360fa0,0x00000000e4700000)
 Metaspace       used 96413K, capacity 103784K, committed 104052K, reserved 1138688K
  class space    used 11550K, capacity 13817K, committed 13940K, reserved 1048576K
Event: 99040.969 GC heap after
Heap after GC invocations=2794 (full 1358):
 PSYoungGen      total 99840K, used 0K [0x00000000f5580000, 0x00000000fb800000, 0x0000000100000000)
  eden space 99328K, 0% used [0x00000000f5580000,0x00000000f5580000,0x00000000fb680000)
  from space 512K, 0% used [0x00000000fb780000,0x00000000fb780000,0x00000000fb800000)
  to   space 512K, 0% used [0x00000000fb700000,0x00000000fb700000,0x00000000fb780000)
 ParOldGen       total 72704K, used 52611K [0x00000000e0000000, 0x00000000e4700000, 0x00000000f5580000)
  object space 72704K, 72% used [0x00000000e0000000,0x00000000e3360fa0,0x00000000e4700000)
 Metaspace       used 96413K, capacity 103784K, committed 104052K, reserved 1138688K
  class space    used 11550K, capacity 13817K, committed 13940K, reserved 1048576K
}
Event: 99100.672 GC heap before
{Heap before GC invocations=2795 (full 1358):
 PSYoungGen      total 99840K, used 6162K [0x00000000f5580000, 0x00000000fb800000, 0x0000000100000000)
  eden space 99328K, 6% used [0x00000000f5580000,0x00000000f5b84ab8,0x00000000fb680000)
  from space 512K, 0% used [0x00000000fb780000,0x00000000fb780000,0x00000000fb800000)
  to   space 512K, 0% used [0x00000000fb700000,0x00000000fb700000,0x00000000fb780000)
 ParOldGen       total 72704K, used 52611K [0x00000000e0000000, 0x00000000e4700000, 0x00000000f5580000)
  object space 72704K, 72% used [0x00000000e0000000,0x00000000e3360fa0,0x00000000e4700000)
 Metaspace       used 96413K, capacity 103784K, committed 104052K, reserved 1138688K
  class space    used 11550K, capacity 13817K, committed 13940K, reserved 1048576K
Event: 99100.676 GC heap after
Heap after GC invocations=2795 (full 1358):
 PSYoungGen      total 99840K, used 352K [0x00000000f5580000, 0x00000000fb800000, 0x0000000100000000)
  eden space 99328K, 0% used [0x00000000f5580000,0x00000000f5580000,0x00000000fb680000)
  from space 512K, 68% used [0x00000000fb700000,0x00000000fb758000,0x00000000fb780000)
  to   space 512K, 0% used [0x00000000fb780000,0x00000000fb780000,0x00000000fb800000)
 ParOldGen       total 72704K, used 52611K [0x00000000e0000000, 0x00000000e4700000, 0x00000000f5580000)
  object space 72704K, 72% used [0x00000000e0000000,0x00000000e3360fa0,0x00000000e4700000)
 Metaspace       used 96413K, capacity 103784K, committed 104052K, reserved 1138688K
  class space    used 11550K, capacity 13817K, committed 13940K, reserved 1048576K
}
Event: 99100.676 GC heap before
{Heap before GC invocations=2796 (full 1359):
 PSYoungGen      total 99840K, used 352K [0x00000000f5580000, 0x00000000fb800000, 0x0000000100000000)
  eden space 99328K, 0% used [0x00000000f5580000,0x00000000f5580000,0x00000000fb680000)
  from space 512K, 68% used [0x00000000fb700000,0x00000000fb758000,0x00000000fb780000)
  to   space 512K, 0% used [0x00000000fb780000,0x00000000fb780000,0x00000000fb800000)
 ParOldGen       total 72704K, used 52611K [0x00000000e0000000, 0x00000000e4700000, 0x00000000f5580000)
  object space 72704K, 72% used [0x00000000e0000000,0x00000000e3360fa0,0x00000000e4700000)
 Metaspace       used 96413K, capacity 103784K, committed 104052K, reserved 1138688K
  class space    used 11550K, capacity 13817K, committed 13940K, reserved 1048576K
Event: 99100.942 GC heap after
Heap after GC invocations=2796 (full 1359):
 PSYoungGen      total 99840K, used 0K [0x00000000f5580000, 0x00000000fb800000, 0x0000000100000000)
  eden space 99328K, 0% used [0x00000000f5580000,0x00000000f5580000,0x00000000fb680000)
  from space 512K, 0% used [0x00000000fb700000,0x00000000fb700000,0x00000000fb780000)
  to   space 512K, 0% used [0x00000000fb780000,0x00000000fb780000,0x00000000fb800000)
 ParOldGen       total 72704K, used 52735K [0x00000000e0000000, 0x00000000e4700000, 0x00000000f5580000)
  object space 72704K, 72% used [0x00000000e0000000,0x00000000e337fc00,0x00000000e4700000)
 Metaspace       used 96413K, capacity 103784K, committed 104052K, reserved 1138688K
  class space    used 11550K, capacity 13817K, committed 13940K, reserved 1048576K
}

